[2013-08-31 19:21:03] phpDocumentor.INFO: Collecting files ..  [] []
[2013-08-31 19:21:03] phpDocumentor.INFO: OK [] []
[2013-08-31 19:21:03] phpDocumentor.INFO: Initializing parser ..  [] []
[2013-08-31 19:21:03] phpDocumentor.INFO: OK [] []
[2013-08-31 19:21:03] phpDocumentor.INFO: Parsing files [] []
[2013-08-31 19:21:04] phpDocumentor.INFO: Parsing /home/kevin/dev/LavaCharts/src/config/config.php [] []
[2013-08-31 19:21:04] phpDocumentor.INFO: Parsing /home/kevin/dev/LavaCharts/src/routes.php [] []
[2013-08-31 19:21:04] phpDocumentor.INFO: Parsing /home/kevin/dev/LavaCharts/src/Khill/Lavacharts/Charts/Chart.php [] []
[2013-08-31 19:21:04] phpDocumentor.INFO: Parsing /home/kevin/dev/LavaCharts/src/Khill/Lavacharts/Charts/GeoChart.php [] []
[2013-08-31 19:21:04] phpDocumentor.INFO: Parsing /home/kevin/dev/LavaCharts/src/Khill/Lavacharts/Charts/LineChart.php [] []
[2013-08-31 19:21:04] phpDocumentor.INFO: Parsing /home/kevin/dev/LavaCharts/src/Khill/Lavacharts/Charts/ColumnChart.php [] []
[2013-08-31 19:21:04] phpDocumentor.INFO: Parsing /home/kevin/dev/LavaCharts/src/Khill/Lavacharts/Charts/PieChart.php [] []
[2013-08-31 19:21:04] phpDocumentor.INFO: Parsing /home/kevin/dev/LavaCharts/src/Khill/Lavacharts/Charts/TreeMap.php [] []
[2013-08-31 19:21:04] phpDocumentor.INFO: Parsing /home/kevin/dev/LavaCharts/src/Khill/Lavacharts/Charts/DonutChart.php [] []
[2013-08-31 19:21:04] phpDocumentor.INFO: Parsing /home/kevin/dev/LavaCharts/src/Khill/Lavacharts/Charts/AreaChart.php [] []
[2013-08-31 19:21:04] phpDocumentor.INFO: Parsing /home/kevin/dev/LavaCharts/src/Khill/Lavacharts/Lavacharts.php [] []
[2013-08-31 19:21:04] phpDocumentor.INFO: Parsing /home/kevin/dev/LavaCharts/src/Khill/Lavacharts/Configs/Axis.php [] []
[2013-08-31 19:21:04] phpDocumentor.INFO: Parsing /home/kevin/dev/LavaCharts/src/Khill/Lavacharts/Configs/magnifyingGlass.php [] []
[2013-08-31 19:21:04] phpDocumentor.INFO: Parsing /home/kevin/dev/LavaCharts/src/Khill/Lavacharts/Configs/chartArea.php [] []
[2013-08-31 19:21:04] phpDocumentor.INFO: Parsing /home/kevin/dev/LavaCharts/src/Khill/Lavacharts/Configs/vAxis.php [] []
[2013-08-31 19:21:04] phpDocumentor.INFO: Parsing /home/kevin/dev/LavaCharts/src/Khill/Lavacharts/Configs/hAxis.php [] []
[2013-08-31 19:21:04] phpDocumentor.INFO: Parsing /home/kevin/dev/LavaCharts/src/Khill/Lavacharts/Configs/DataCell.php [] []
[2013-08-31 19:21:04] phpDocumentor.INFO: Parsing /home/kevin/dev/LavaCharts/src/Khill/Lavacharts/Configs/textStyle.php [] []
[2013-08-31 19:21:04] phpDocumentor.INFO: Parsing /home/kevin/dev/LavaCharts/src/Khill/Lavacharts/Configs/colorAxis.php [] []
[2013-08-31 19:21:04] phpDocumentor.INFO: Parsing /home/kevin/dev/LavaCharts/src/Khill/Lavacharts/Configs/backgroundColor.php [] []
[2013-08-31 19:21:04] phpDocumentor.INFO: Parsing /home/kevin/dev/LavaCharts/src/Khill/Lavacharts/Configs/legend.php [] []
[2013-08-31 19:21:04] phpDocumentor.INFO: Parsing /home/kevin/dev/LavaCharts/src/Khill/Lavacharts/Configs/sizeAxis.php [] []
[2013-08-31 19:21:04] phpDocumentor.INFO: Parsing /home/kevin/dev/LavaCharts/src/Khill/Lavacharts/Configs/jsDate.php [] []
[2013-08-31 19:21:04] phpDocumentor.INFO: Parsing /home/kevin/dev/LavaCharts/src/Khill/Lavacharts/Configs/tooltip.php [] []
[2013-08-31 19:21:04] phpDocumentor.INFO: Parsing /home/kevin/dev/LavaCharts/src/Khill/Lavacharts/Configs/configOptions.php [] []
[2013-08-31 19:21:04] phpDocumentor.INFO: Parsing /home/kevin/dev/LavaCharts/src/Khill/Lavacharts/Configs/DataTable.php [] []
[2013-08-31 19:21:04] phpDocumentor.INFO: Parsing /home/kevin/dev/LavaCharts/src/Khill/Lavacharts/Configs/slice.php [] []
[2013-08-31 19:21:04] phpDocumentor.INFO: Parsing /home/kevin/dev/LavaCharts/src/Khill/Lavacharts/Helpers/Helpers.php [] []
[2013-08-31 19:21:04] phpDocumentor.INFO: Parsing /home/kevin/dev/LavaCharts/src/Khill/Lavacharts/LavachartsServiceProvider.php [] []
[2013-08-31 19:21:04] phpDocumentor.INFO: Parsing /home/kevin/dev/LavaCharts/src/Khill/Lavacharts/Facades/Lavacharts.php [] []
[2013-08-31 19:21:04] phpDocumentor.INFO: Parsing /home/kevin/dev/LavaCharts/src/views/line/advanced.php [] []
[2013-08-31 19:21:04] phpDocumentor.INFO: Parsing /home/kevin/dev/LavaCharts/src/views/line/basic.php [] []
[2013-08-31 19:21:04] phpDocumentor.INFO: Parsing /home/kevin/dev/LavaCharts/src/views/examples2.php [] []
[2013-08-31 19:21:04] phpDocumentor.INFO: Parsing /home/kevin/dev/LavaCharts/src/views/home.php [] []
[2013-08-31 19:21:04] phpDocumentor.INFO: Parsing /home/kevin/dev/LavaCharts/src/views/examples.php [] []
[2013-08-31 19:21:04] phpDocumentor.INFO: Parsing /home/kevin/dev/LavaCharts/src/views/area/basic.php [] []
[2013-08-31 19:21:04] phpDocumentor.INFO: Storing cache in "/home/kevin/dev/LavaCharts/doc" ..  [] []
[2013-08-31 19:21:04] phpDocumentor.INFO: OK [] []
[2013-08-31 19:21:04] phpDocumentor.INFO: Load cache                                                           ..  [] []
[2013-08-31 19:21:04] phpDocumentor.INFO:    0.051s [] []
[2013-08-31 19:21:04] phpDocumentor.INFO: Preparing template "clean"                                           ..  [] []
[2013-08-31 19:21:04] phpDocumentor.INFO:    0.046s [] []
[2013-08-31 19:21:04] phpDocumentor.INFO: Preparing 15 transformations                                         ..  [] []
[2013-08-31 19:21:04] phpDocumentor.INFO:    0.000s [] []
[2013-08-31 19:21:04] phpDocumentor.INFO: Build "elements" index                                               ..  [] []
[2013-08-31 19:21:04] phpDocumentor.INFO:    0.008s [] []
[2013-08-31 19:21:04] phpDocumentor.INFO: Replace textual FQCNs with object aliases                            ..  [] []
[2013-08-31 19:21:04] phpDocumentor.INFO:    0.092s [] []
[2013-08-31 19:21:04] phpDocumentor.INFO: Build "packages" index                                               ..  [] []
[2013-08-31 19:21:04] phpDocumentor.INFO:    0.011s [] []
[2013-08-31 19:21:04] phpDocumentor.INFO: Build "namespaces" index and add namespaces to "elements"            ..  [] []
[2013-08-31 19:21:04] phpDocumentor.INFO:    0.005s [] []
[2013-08-31 19:21:04] phpDocumentor.INFO: Transform analyzed project into artifacts                            ..  [] []
